mode: set
lib-log/pkg/reqclientlog/requestClientLog.go:13.84,22.21 6 0
lib-log/pkg/reqclientlog/requestClientLog.go:22.21,26.3 3 0
lib-log/pkg/reqclientlog/requestClientLog.go:29.2,56.18 15 0
lib-log/pkg/reqclientlog/requestClientLog.go:59.88,64.50 3 1
lib-log/pkg/reqclientlog/requestClientLog.go:64.50,66.3 1 1
lib-log/pkg/reqclientlog/requestClientLog.go:68.2,68.16 1 1
lib-log/pkg/reqclientlog/requestClientLog.go:71.90,74.34 2 1
lib-log/pkg/reqclientlog/requestClientLog.go:74.34,75.85 1 1
lib-log/pkg/reqclientlog/requestClientLog.go:75.85,77.12 2 1
lib-log/pkg/reqclientlog/requestClientLog.go:79.3,79.24 1 1
lib-log/pkg/reqclientlog/requestClientLog.go:82.2,82.16 1 1
lib-log/pkg/reqclientlog/requestClientLog.go:85.52,86.29 1 1
lib-log/pkg/reqclientlog/requestClientLog.go:86.29,87.22 1 1
lib-log/pkg/reqclientlog/requestClientLog.go:87.22,89.4 1 1
lib-log/pkg/reqclientlog/requestClientLog.go:91.2,91.14 1 1
